<<<<<<< Updated upstream
﻿  collectible_game_object.cpp
  game.cpp
  main.cpp
  object_manager.cpp
  player_game_object.cpp
  GLM: rotate function taking degrees as a parameter is deprecated. #define GLM_FORCE_RADIANS before including GLM headers to remove this message.
=======
﻿  file_utils.cpp
  game.cpp
  main.cpp
  shader.cpp
  sprite.cpp
  texture_handler.cpp
  object_manager.cpp
  game_object.cpp
  player_game_object.cpp
  GLM: rotate function taking degrees as a parameter is deprecated. #define GLM_FORCE_RADIANS before including GLM headers to remove this message.
  enemy_game_object.cpp
  collectible_game_object.cpp
  dynamic_game_object.cpp
  static_game_object.cpp
  timer.cpp
  projectile_game_object.cpp
  particle_system.cpp
  particles.cpp
  particle_handler.cpp
>>>>>>> Stashed changes
  ui_handler.cpp
  imgui.cpp
  Generating Code...
<<<<<<< Updated upstream
=======
C:\Users\Samuel\Desktop\Game Dev Projects\Rumble-Road\RUMBLE ROAD\particle_handler.cpp(76): warning C4715: 'game::ParticleHandler::getParticleSys': not all control paths return a value
  Compiling...
  imgui_demo.cpp
  imgui_draw.cpp
  imgui_impl_glfw.cpp
  imgui_impl_opengl3.cpp
  imgui_tables.cpp
  imgui_widgets.cpp
  Generating Code...
glew32s.lib(glew.obj) : warning LNK4099: PDB '' was not found with 'glew32s.lib(glew.obj)' or at ''; linking object as if no debug info
glfw3.lib(init.c.obj) : warning LNK4099: PDB '' was not found with 'glfw3.lib(init.c.obj)' or at ''; linking object as if no debug info
glfw3.lib(window.c.obj) : warning LNK4099: PDB '' was not found with 'glfw3.lib(window.c.obj)' or at ''; linking object as if no debug info
glfw3.lib(input.c.obj) : warning LNK4099: PDB '' was not found with 'glfw3.lib(input.c.obj)' or at ''; linking object as if no debug info
glfw3.lib(context.c.obj) : warning LNK4099: PDB '' was not found with 'glfw3.lib(context.c.obj)' or at ''; linking object as if no debug info
glfw3.lib(monitor.c.obj) : warning LNK4099: PDB '' was not found with 'glfw3.lib(monitor.c.obj)' or at ''; linking object as if no debug info
glfw3.lib(win32_window.c.obj) : warning LNK4099: PDB '' was not found with 'glfw3.lib(win32_window.c.obj)' or at ''; linking object as if no debug info
glfw3.lib(win32_init.c.obj) : warning LNK4099: PDB '' was not found with 'glfw3.lib(win32_init.c.obj)' or at ''; linking object as if no debug info
glfw3.lib(win32_monitor.c.obj) : warning LNK4099: PDB '' was not found with 'glfw3.lib(win32_monitor.c.obj)' or at ''; linking object as if no debug info
glfw3.lib(win32_joystick.c.obj) : warning LNK4099: PDB '' was not found with 'glfw3.lib(win32_joystick.c.obj)' or at ''; linking object as if no debug info
glfw3.lib(win32_time.c.obj) : warning LNK4099: PDB '' was not found with 'glfw3.lib(win32_time.c.obj)' or at ''; linking object as if no debug info
glfw3.lib(win32_thread.c.obj) : warning LNK4099: PDB '' was not found with 'glfw3.lib(win32_thread.c.obj)' or at ''; linking object as if no debug info
glfw3.lib(vulkan.c.obj) : warning LNK4099: PDB '' was not found with 'glfw3.lib(vulkan.c.obj)' or at ''; linking object as if no debug info
glfw3.lib(wgl_context.c.obj) : warning LNK4099: PDB '' was not found with 'glfw3.lib(wgl_context.c.obj)' or at ''; linking object as if no debug info
glfw3.lib(egl_context.c.obj) : warning LNK4099: PDB '' was not found with 'glfw3.lib(egl_context.c.obj)' or at ''; linking object as if no debug info
glfw3.lib(osmesa_context.c.obj) : warning LNK4099: PDB '' was not found with 'glfw3.lib(osmesa_context.c.obj)' or at ''; linking object as if no debug info
SOIL.lib(SOIL.c.obj) : warning LNK4099: PDB '' was not found with 'SOIL.lib(SOIL.c.obj)' or at ''; linking object as if no debug info
SOIL.lib(stb_image_aug.c.obj) : warning LNK4099: PDB '' was not found with 'SOIL.lib(stb_image_aug.c.obj)' or at ''; linking object as if no debug info
SOIL.lib(image_helper.c.obj) : warning LNK4099: PDB '' was not found with 'SOIL.lib(image_helper.c.obj)' or at ''; linking object as if no debug info
SOIL.lib(image_DXT.c.obj) : warning LNK4099: PDB '' was not found with 'SOIL.lib(image_DXT.c.obj)' or at ''; linking object as if no debug info
LINK : warning LNK4098: defaultlib 'LIBCMT' conflicts with use of other libs; use /NODEFAULTLIB:library
>>>>>>> Stashed changes
  RumbleRoad.vcxproj -> C:\Users\Samuel\Desktop\Game Dev Projects\Rumble-Road\RUMBLE ROAD\Debug\RumbleRoad_d.exe
